mode: set
api-beer-challenge/internal/service/beer_service.go:10.71,12.16 2 0
api-beer-challenge/internal/service/beer_service.go:12.16,14.3 1 0
api-beer-challenge/internal/service/beer_service.go:16.2,18.24 2 0
api-beer-challenge/internal/service/beer_service.go:18.24,22.3 3 0
api-beer-challenge/internal/service/beer_service.go:24.2,24.19 1 0
api-beer-challenge/internal/service/beer_service.go:27.80,29.16 2 0
api-beer-challenge/internal/service/beer_service.go:29.16,31.3 1 0
api-beer-challenge/internal/service/beer_service.go:33.2,34.18 2 0
api-beer-challenge/internal/service/beer_service.go:37.94,39.16 2 0
api-beer-challenge/internal/service/beer_service.go:39.16,41.3 1 0
api-beer-challenge/internal/service/beer_service.go:43.2,44.18 2 0
api-beer-challenge/internal/service/beer_service.go:47.111,49.2 1 0
api-beer-challenge/internal/service/beer_service.go:51.47,62.2 1 0
api-beer-challenge/internal/service/service.go:21.46,25.2 1 0
api-beer-challenge/api/api.go:18.23,24.2 4 0
api-beer-challenge/api/api.go:26.34,31.2 1 0
api-beer-challenge/api/api.go:33.60,39.2 5 1
api-beer-challenge/api/router.go:19.57,21.2 1 1
api-beer-challenge/api/router.go:23.54,25.16 2 1
api-beer-challenge/api/router.go:25.16,27.3 1 0
api-beer-challenge/api/router.go:29.2,31.24 2 1
api-beer-challenge/api/router.go:31.24,35.3 3 0
api-beer-challenge/api/router.go:37.2,37.22 1 1
api-beer-challenge/api/router.go:40.53,42.16 2 1
api-beer-challenge/api/router.go:42.16,45.3 2 0
api-beer-challenge/api/router.go:47.2,47.18 1 1
api-beer-challenge/api/router.go:47.18,50.3 2 0
api-beer-challenge/api/router.go:52.2,54.16 3 1
api-beer-challenge/api/router.go:54.16,56.3 1 0
api-beer-challenge/api/router.go:58.2,59.22 2 1
api-beer-challenge/api/router.go:62.61,64.16 2 1
api-beer-challenge/api/router.go:64.16,67.3 2 0
api-beer-challenge/api/router.go:69.2,69.18 1 1
api-beer-challenge/api/router.go:69.18,72.3 2 0
api-beer-challenge/api/router.go:74.2,85.16 9 1
api-beer-challenge/api/router.go:85.16,87.3 1 0
api-beer-challenge/api/router.go:89.2,90.16 2 1
api-beer-challenge/api/router.go:90.16,92.3 1 0
api-beer-challenge/api/router.go:94.2,103.25 2 1
api-beer-challenge/api/router.go:106.53,109.16 3 1
api-beer-challenge/api/router.go:109.16,111.3 1 0
api-beer-challenge/api/router.go:113.2,125.16 4 1
api-beer-challenge/api/router.go:125.16,127.3 1 0
api-beer-challenge/api/router.go:129.2,130.22 2 1
api-beer-challenge/api/serializer.go:39.42,52.2 2 1
api-beer-challenge/internal/repository/beer_repository.go:89.76,93.16 3 1
api-beer-challenge/internal/repository/beer_repository.go:93.16,95.3 1 0
api-beer-challenge/internal/repository/beer_repository.go:97.2,97.19 1 1
api-beer-challenge/internal/repository/beer_repository.go:100.89,104.16 3 1
api-beer-challenge/internal/repository/beer_repository.go:104.16,105.27 1 0
api-beer-challenge/internal/repository/beer_repository.go:105.27,107.4 1 0
api-beer-challenge/internal/repository/beer_repository.go:109.3,109.18 1 0
api-beer-challenge/internal/repository/beer_repository.go:112.2,112.19 1 1
api-beer-challenge/internal/repository/beer_repository.go:115.109,118.16 3 1
api-beer-challenge/internal/repository/beer_repository.go:118.16,120.3 1 0
api-beer-challenge/internal/repository/beer_repository.go:122.2,122.19 1 1
api-beer-challenge/internal/repository/beer_repository.go:122.19,124.3 1 0
api-beer-challenge/internal/repository/beer_repository.go:126.2,128.16 3 1
api-beer-challenge/internal/repository/beer_repository.go:128.16,130.3 1 0
api-beer-challenge/internal/repository/beer_repository.go:132.2,132.19 1 1
api-beer-challenge/internal/repository/beer_repository.go:135.100,148.16 2 1
api-beer-challenge/internal/repository/beer_repository.go:148.16,150.3 1 0
api-beer-challenge/internal/repository/beer_repository.go:152.2,153.16 2 1
api-beer-challenge/internal/repository/beer_repository.go:153.16,155.3 1 0
api-beer-challenge/internal/repository/beer_repository.go:157.2,157.18 1 1
api-beer-challenge/internal/repository/beer_repository.go:160.74,162.16 2 1
api-beer-challenge/internal/repository/beer_repository.go:162.16,164.3 1 0
api-beer-challenge/internal/repository/beer_repository.go:166.2,168.12 3 1
api-beer-challenge/internal/repository/beer_repository.go:171.78,173.2 1 1
api-beer-challenge/internal/repository/beer_repository.go:176.74,192.16 9 0
api-beer-challenge/internal/repository/beer_repository.go:192.16,194.3 1 0
api-beer-challenge/internal/repository/beer_repository.go:196.2,199.16 3 0
api-beer-challenge/internal/repository/beer_repository.go:199.16,201.3 1 0
api-beer-challenge/internal/repository/beer_repository.go:202.2,202.21 1 0
api-beer-challenge/internal/repository/beer_repository.go:202.21,204.3 1 0
api-beer-challenge/internal/repository/beer_repository.go:206.2,208.16 3 0
api-beer-challenge/internal/repository/beer_repository.go:208.16,210.3 1 0
api-beer-challenge/internal/repository/beer_repository.go:212.2,214.20 2 0
api-beer-challenge/internal/repository/crud.go:16.60,18.2 1 0
api-beer-challenge/internal/repository/crud.go:20.108,22.16 2 1
api-beer-challenge/internal/repository/crud.go:22.16,24.3 1 0
api-beer-challenge/internal/repository/crud.go:26.2,26.16 1 1
api-beer-challenge/internal/repository/crud.go:30.102,36.16 4 0
api-beer-challenge/internal/repository/crud.go:36.16,38.3 1 0
api-beer-challenge/internal/repository/crud.go:40.2,41.16 2 0
api-beer-challenge/internal/repository/crud.go:41.16,43.3 1 0
api-beer-challenge/internal/repository/crud.go:45.2,45.22 1 0
api-beer-challenge/internal/repository/crud.go:45.22,47.3 1 0
api-beer-challenge/internal/repository/crud.go:49.2,49.12 1 0
api-beer-challenge/internal/repository/crud.go:53.87,55.16 2 0
api-beer-challenge/internal/repository/crud.go:55.16,57.3 1 0
api-beer-challenge/internal/repository/crud.go:59.2,60.16 2 0
api-beer-challenge/internal/repository/crud.go:60.16,62.3 1 0
api-beer-challenge/internal/repository/crud.go:64.2,64.22 1 0
api-beer-challenge/internal/repository/crud.go:64.22,66.3 1 0
api-beer-challenge/internal/repository/crud.go:68.2,68.12 1 0
api-beer-challenge/internal/repository/repository.go:31.35,33.2 1 1
